Traceback (most recent call last):
  File "/opt/anaconda3/envs/echem/lib/python3.7/site-packages/nbclient/client.py", line 618, in _async_poll_for_reply
    msg = await ensure_async(self.kc.shell_channel.get_msg(timeout=new_timeout))
  File "/opt/anaconda3/envs/echem/lib/python3.7/site-packages/nbclient/util.py", line 96, in ensure_async
    result = await obj
  File "/opt/anaconda3/envs/echem/lib/python3.7/site-packages/jupyter_client/channels.py", line 230, in get_msg
    raise Empty
_queue.Empty

During handling of the above exception, another exception occurred:

Traceback (most recent call last):
  File "/opt/anaconda3/envs/echem/lib/python3.7/site-packages/jupyter_cache/executors/utils.py", line 56, in single_nb_execution
    record_timing=False,
  File "/opt/anaconda3/envs/echem/lib/python3.7/site-packages/nbclient/client.py", line 1085, in execute
    return NotebookClient(nb=nb, resources=resources, km=km, **kwargs).execute()
  File "/opt/anaconda3/envs/echem/lib/python3.7/site-packages/nbclient/util.py", line 84, in wrapped
    return just_run(coro(*args, **kwargs))
  File "/opt/anaconda3/envs/echem/lib/python3.7/site-packages/nbclient/util.py", line 62, in just_run
    return loop.run_until_complete(coro)
  File "/opt/anaconda3/envs/echem/lib/python3.7/asyncio/base_events.py", line 587, in run_until_complete
    return future.result()
  File "/opt/anaconda3/envs/echem/lib/python3.7/site-packages/nbclient/client.py", line 552, in async_execute
    cell, index, execution_count=self.code_cells_executed + 1
  File "/opt/anaconda3/envs/echem/lib/python3.7/site-packages/nbclient/client.py", line 830, in async_execute_cell
    exec_reply = await self.task_poll_for_reply
  File "/opt/anaconda3/envs/echem/lib/python3.7/site-packages/nbclient/client.py", line 642, in _async_poll_for_reply
    await self._async_handle_timeout(timeout, cell)
  File "/opt/anaconda3/envs/echem/lib/python3.7/site-packages/nbclient/client.py", line 690, in _async_handle_timeout
    "Cell execution timed out", timeout, cell
nbclient.exceptions.CellTimeoutError: A cell timed out while it was being executed, after 30 seconds.
The message was: Cell execution timed out.
Here is a preview of the cell contents:
-------------------
['nstates=5', 'Energies=np.empty((5,nstates-1)) #nstates-1 transitions for CIS, CISD, CISDT and CISDTQ and FCI', "Energies[4,:]=au2ev*DipOsc['energies'] #Save the FullCI result", '#CIS to CISDTQ', 'for exc in range(1,5):']
...
['', '    SI=mtp.InterState(molecule,basis,cidrv.vecs)', '    DipOsc=SI.diposc()', '    ', "    Energies[exc-1,:]=au2ev*DipOsc['energies']"]
-------------------

