Traceback (most recent call last):
  File "/home/thomas/Notebook/anaconda/lib/python3.7/site-packages/jupyter_cache/executors/utils.py", line 56, in single_nb_execution
    record_timing=False,
  File "/home/thomas/Notebook/anaconda/lib/python3.7/site-packages/nbclient/client.py", line 1087, in execute
    return NotebookClient(nb=nb, resources=resources, km=km, **kwargs).execute()
  File "/home/thomas/Notebook/anaconda/lib/python3.7/site-packages/nbclient/util.py", line 74, in wrapped
    return just_run(coro(*args, **kwargs))
  File "/home/thomas/Notebook/anaconda/lib/python3.7/site-packages/nbclient/util.py", line 53, in just_run
    return loop.run_until_complete(coro)
  File "/home/thomas/Notebook/anaconda/lib/python3.7/asyncio/base_events.py", line 587, in run_until_complete
    return future.result()
  File "/home/thomas/Notebook/anaconda/lib/python3.7/site-packages/nbclient/client.py", line 541, in async_execute
    cell, index, execution_count=self.code_cells_executed + 1
  File "/home/thomas/Notebook/anaconda/lib/python3.7/site-packages/nbclient/client.py", line 832, in async_execute_cell
    self._check_raise_for_error(cell, exec_reply)
  File "/home/thomas/Notebook/anaconda/lib/python3.7/site-packages/nbclient/client.py", line 740, in _check_raise_for_error
    raise CellExecutionError.from_cell_and_msg(cell, exec_reply['content'])
nbclient.exceptions.CellExecutionError: An error occurred while executing the following cell:
------------------
# Run the scf calculation
method_settings = {} #{'xcfun':'b3lyp'}
scfdrv = vlx.ScfRestrictedDriver()
scfdrv.update_settings({},method_settings)
scfdrv.compute(molecule, basis)
------------------

[0;31m---------------------------------------------------------------------------[0m
[0;31mTypeError[0m                                 Traceback (most recent call last)
[0;32m<ipython-input-3-3d1282db63d4>[0m in [0;36m<module>[0;34m[0m
[1;32m      1[0m [0;31m# Run the scf calculation[0m[0;34m[0m[0;34m[0m[0;34m[0m[0m
[1;32m      2[0m [0mmethod_settings[0m [0;34m=[0m [0;34m{[0m[0;34m}[0m [0;31m#{'xcfun':'b3lyp'}[0m[0;34m[0m[0;34m[0m[0m
[0;32m----> 3[0;31m [0mscfdrv[0m [0;34m=[0m [0mvlx[0m[0;34m.[0m[0mScfRestrictedDriver[0m[0;34m([0m[0;34m)[0m[0;34m[0m[0;34m[0m[0m
[0m[1;32m      4[0m [0mscfdrv[0m[0;34m.[0m[0mupdate_settings[0m[0;34m([0m[0;34m{[0m[0;34m}[0m[0;34m,[0m[0mmethod_settings[0m[0;34m)[0m[0;34m[0m[0;34m[0m[0m
[1;32m      5[0m [0mscfdrv[0m[0;34m.[0m[0mcompute[0m[0;34m([0m[0mmolecule[0m[0;34m,[0m [0mbasis[0m[0;34m)[0m[0;34m[0m[0;34m[0m[0m

[0;31mTypeError[0m: __init__() missing 2 required positional arguments: 'comm' and 'ostream'
TypeError: __init__() missing 2 required positional arguments: 'comm' and 'ostream'

