Traceback (most recent call last):
  File "/opt/miniconda3/envs/vlxmp/lib/python3.9/site-packages/jupyter_cache/executors/utils.py", line 51, in single_nb_execution
    executenb(
  File "/opt/miniconda3/envs/vlxmp/lib/python3.9/site-packages/nbclient/client.py", line 1112, in execute
    return NotebookClient(nb=nb, resources=resources, km=km, **kwargs).execute()
  File "/opt/miniconda3/envs/vlxmp/lib/python3.9/site-packages/nbclient/util.py", line 74, in wrapped
    return just_run(coro(*args, **kwargs))
  File "/opt/miniconda3/envs/vlxmp/lib/python3.9/site-packages/nbclient/util.py", line 53, in just_run
    return loop.run_until_complete(coro)
  File "/opt/miniconda3/envs/vlxmp/lib/python3.9/asyncio/base_events.py", line 642, in run_until_complete
    return future.result()
  File "/opt/miniconda3/envs/vlxmp/lib/python3.9/site-packages/nbclient/client.py", line 553, in async_execute
    await self.async_execute_cell(
  File "/opt/miniconda3/envs/vlxmp/lib/python3.9/site-packages/nbclient/client.py", line 857, in async_execute_cell
    self._check_raise_for_error(cell, exec_reply)
  File "/opt/miniconda3/envs/vlxmp/lib/python3.9/site-packages/nbclient/client.py", line 760, in _check_raise_for_error
    raise CellExecutionError.from_cell_and_msg(cell, exec_reply_content)
nbclient.exceptions.CellExecutionError: An error occurred while executing the following cell:
------------------
# density grid for GGA
xctype = vlx.veloxchemlib.xcfun.gga
gga_den = den_drv.generate(den_mat, molecule, basis, molgrid, xctype)
n_grid_points = gga_den.number_of_points()
den_aa = gga_den.density_aa_to_numpy(0)
den_bb = gga_den.density_bb_to_numpy(0)
grad_aa = gga_den.gradient_norm_aa_to_numpy(0)
grad_bb = gga_den.gradient_norm_bb_to_numpy(0)
grad_ab = gga_den.gradient_product_ab_to_numpy(0)
gradx_aa = gga_den.gradient_x_aa_to_numpy(0)
grady_aa = gga_den.gradient_y_aa_to_numpy(0)
gradz_aa = gga_den.gradient_z_aa_to_numpy(0)
gradx_bb = gga_den.gradient_x_bb_to_numpy(0)
grady_bb = gga_den.gradient_y_bb_to_numpy(0)
gradz_bb = gga_den.gradient_z_bb_to_numpy(0)
print('Number of grid points:', n_grid_points)
print('Density aa:', den_aa)
print('Density bb:', den_bb)
print('Gradient norm aa:', grad_aa)
print('Gradient norm bb:', grad_bb)
print('Gradient product ab:', grad_ab)
print('Gradient X aa:', gradx_aa)
print('Gradient Y aa:', grady_aa)
print('Gradient Z aa:', gradz_aa)
print('Gradient X bb:', gradx_bb)
print('Gradient Y bb:', grady_bb)
print('Gradient Z bb:', gradz_bb)

# compute Vxc matrix
# (XCIntegrator can be made available from vlx)

xc_drv = vlx.veloxchemlib.XCIntegrator()
vxc_mat = xc_drv.integrate(den_mat, molecule, basis, molgrid, 'B3LYP')
print('Vxc matrix from initial density:')
print(vxc_mat.get_matrix().to_numpy())
print('  Number of electrons:', vxc_mat.get_electrons())
print('  Exchange-correlation energy:', vxc_mat.get_energy())
------------------

[0;31m---------------------------------------------------------------------------[0m
[0;31mNameError[0m                                 Traceback (most recent call last)
[0;32m/var/folders/ky/5h8mb6gs32nbvf3w8cyqwrhm0000gn/T/ipykernel_62285/2878909148.py[0m in [0;36m<module>[0;34m[0m
[1;32m      1[0m [0;31m# density grid for GGA[0m[0;34m[0m[0;34m[0m[0m
[1;32m      2[0m [0mxctype[0m [0;34m=[0m [0mvlx[0m[0;34m.[0m[0mveloxchemlib[0m[0;34m.[0m[0mxcfun[0m[0;34m.[0m[0mgga[0m[0;34m[0m[0;34m[0m[0m
[0;32m----> 3[0;31m [0mgga_den[0m [0;34m=[0m [0mden_drv[0m[0;34m.[0m[0mgenerate[0m[0;34m([0m[0mden_mat[0m[0;34m,[0m [0mmolecule[0m[0;34m,[0m [0mbasis[0m[0;34m,[0m [0mmolgrid[0m[0;34m,[0m [0mxctype[0m[0;34m)[0m[0;34m[0m[0;34m[0m[0m
[0m[1;32m      4[0m [0mn_grid_points[0m [0;34m=[0m [0mgga_den[0m[0;34m.[0m[0mnumber_of_points[0m[0;34m([0m[0;34m)[0m[0;34m[0m[0;34m[0m[0m
[1;32m      5[0m [0mden_aa[0m [0;34m=[0m [0mgga_den[0m[0;34m.[0m[0mdensity_aa_to_numpy[0m[0;34m([0m[0;36m0[0m[0;34m)[0m[0;34m[0m[0;34m[0m[0m

[0;31mNameError[0m: name 'den_mat' is not defined
NameError: name 'den_mat' is not defined

