Traceback (most recent call last):
  File "/home/thomas/Notebook/anaconda/envs/echem/lib/python3.9/site-packages/jupyter_cache/executors/utils.py", line 51, in single_nb_execution
    executenb(
  File "/home/thomas/Notebook/anaconda/envs/echem/lib/python3.9/site-packages/nbclient/client.py", line 1204, in execute
    return NotebookClient(nb=nb, resources=resources, km=km, **kwargs).execute()
  File "/home/thomas/Notebook/anaconda/envs/echem/lib/python3.9/site-packages/nbclient/util.py", line 84, in wrapped
    return just_run(coro(*args, **kwargs))
  File "/home/thomas/Notebook/anaconda/envs/echem/lib/python3.9/site-packages/nbclient/util.py", line 62, in just_run
    return loop.run_until_complete(coro)
  File "/home/thomas/Notebook/anaconda/envs/echem/lib/python3.9/asyncio/base_events.py", line 647, in run_until_complete
    return future.result()
  File "/home/thomas/Notebook/anaconda/envs/echem/lib/python3.9/site-packages/nbclient/client.py", line 663, in async_execute
    await self.async_execute_cell(
  File "/home/thomas/Notebook/anaconda/envs/echem/lib/python3.9/site-packages/nbclient/client.py", line 965, in async_execute_cell
    await self._check_raise_for_error(cell, cell_index, exec_reply)
  File "/home/thomas/Notebook/anaconda/envs/echem/lib/python3.9/site-packages/nbclient/client.py", line 862, in _check_raise_for_error
    raise CellExecutionError.from_cell_and_msg(cell, exec_reply_content)
nbclient.exceptions.CellExecutionError: An error occurred while executing the following cell:
------------------
# Dummy run to make sure fitting works properly
# (above scripts are static, to save computational resources)
ff_gen.read_qm_scan_xyz_files(["../xyz/md/1_14_15_16_short.xyz"])

target_top_file = original_top_file = "../data/md/hs276_00.top"
target_top_file = ff_gen.dihedral_correction(target_top_file, 0, kT=4.0)
result_dummy = ff_gen.validate_force_field(target_op_file, 0)

ff_gen.visualize(result_dummy)
------------------

[0;31m---------------------------------------------------------------------------[0m
[0;31mNameError[0m                                 Traceback (most recent call last)
Input [0;32mIn [12][0m, in [0;36m<cell line: 7>[0;34m()[0m
[1;32m      5[0m target_top_file [38;5;241m=[39m original_top_file [38;5;241m=[39m [38;5;124m"[39m[38;5;124m../data/md/hs276_00.top[39m[38;5;124m"[39m
[1;32m      6[0m target_top_file [38;5;241m=[39m ff_gen[38;5;241m.[39mdihedral_correction(target_top_file, [38;5;241m0[39m, kT[38;5;241m=[39m[38;5;241m4.0[39m)
[0;32m----> 7[0m result_dummy [38;5;241m=[39m ff_gen[38;5;241m.[39mvalidate_force_field([43mtarget_op_file[49m, [38;5;241m0[39m)
[1;32m      9[0m ff_gen[38;5;241m.[39mvisualize(result_dummy)

[0;31mNameError[0m: name 'target_op_file' is not defined
NameError: name 'target_op_file' is not defined

