Traceback (most recent call last):
  File "/opt/miniconda3/envs/echem/lib/python3.9/site-packages/jupyter_cache/executors/utils.py", line 51, in single_nb_execution
    executenb(
  File "/opt/miniconda3/envs/echem/lib/python3.9/site-packages/nbclient/client.py", line 1204, in execute
    return NotebookClient(nb=nb, resources=resources, km=km, **kwargs).execute()
  File "/opt/miniconda3/envs/echem/lib/python3.9/site-packages/nbclient/util.py", line 84, in wrapped
    return just_run(coro(*args, **kwargs))
  File "/opt/miniconda3/envs/echem/lib/python3.9/site-packages/nbclient/util.py", line 62, in just_run
    return loop.run_until_complete(coro)
  File "/opt/miniconda3/envs/echem/lib/python3.9/asyncio/base_events.py", line 647, in run_until_complete
    return future.result()
  File "/opt/miniconda3/envs/echem/lib/python3.9/site-packages/nbclient/client.py", line 663, in async_execute
    await self.async_execute_cell(
  File "/opt/miniconda3/envs/echem/lib/python3.9/site-packages/nbclient/client.py", line 965, in async_execute_cell
    await self._check_raise_for_error(cell, cell_index, exec_reply)
  File "/opt/miniconda3/envs/echem/lib/python3.9/site-packages/nbclient/client.py", line 862, in _check_raise_for_error
    raise CellExecutionError.from_cell_and_msg(cell, exec_reply_content)
nbclient.exceptions.CellExecutionError: An error occurred while executing the following cell:
------------------
print(
    f"<S^2> UDFT  = {broken_udft_drv.compute_s2(molecule, singlet_udft_results) : 8.6f}"
)
------------------

[0;31m---------------------------------------------------------------------------[0m
[0;31mNameError[0m                                 Traceback (most recent call last)
Cell [0;32mIn[22], line 2[0m
[1;32m      1[0m [38;5;28mprint[39m(
[0;32m----> 2[0m     [38;5;124mf[39m[38;5;124m"[39m[38;5;124m<S^2> UDFT  = [39m[38;5;132;01m{[39;00mbroken_udft_drv[38;5;241m.[39mcompute_s2(molecule, [43msinglet_udft_results[49m) [38;5;132;01m:[39;00m[38;5;124m 8.6f[39m[38;5;132;01m}[39;00m[38;5;124m"[39m
[1;32m      3[0m )

[0;31mNameError[0m: name 'singlet_udft_results' is not defined
NameError: name 'singlet_udft_results' is not defined

