Traceback (most recent call last):
  File "/home/thomas/Notebook/anaconda/envs/echem/lib/python3.9/site-packages/jupyter_cache/executors/utils.py", line 51, in single_nb_execution
    executenb(
  File "/home/thomas/Notebook/anaconda/envs/echem/lib/python3.9/site-packages/nbclient/client.py", line 1204, in execute
    return NotebookClient(nb=nb, resources=resources, km=km, **kwargs).execute()
  File "/home/thomas/Notebook/anaconda/envs/echem/lib/python3.9/site-packages/nbclient/util.py", line 84, in wrapped
    return just_run(coro(*args, **kwargs))
  File "/home/thomas/Notebook/anaconda/envs/echem/lib/python3.9/site-packages/nbclient/util.py", line 62, in just_run
    return loop.run_until_complete(coro)
  File "/home/thomas/Notebook/anaconda/envs/echem/lib/python3.9/asyncio/base_events.py", line 647, in run_until_complete
    return future.result()
  File "/home/thomas/Notebook/anaconda/envs/echem/lib/python3.9/site-packages/nbclient/client.py", line 663, in async_execute
    await self.async_execute_cell(
  File "/home/thomas/Notebook/anaconda/envs/echem/lib/python3.9/site-packages/nbclient/client.py", line 965, in async_execute_cell
    await self._check_raise_for_error(cell, cell_index, exec_reply)
  File "/home/thomas/Notebook/anaconda/envs/echem/lib/python3.9/site-packages/nbclient/client.py", line 862, in _check_raise_for_error
    raise CellExecutionError.from_cell_and_msg(cell, exec_reply_content)
nbclient.exceptions.CellExecutionError: An error occurred while executing the following cell:
------------------
# Prepare molecule and basis objects
molecule = vlx.Molecule.read_str(water_xyz)
basis = vlx.MolecularBasis.read(molecule, "6-31G")
# SCF calculation
scf_drv = vlx.ScfRestrictedDriver()
scf_drv.compute(molecule, basis)
# Active space settings
space = mtp.OrbSpace(molecule, scf_drv.mol_orbs)
space.CAS(6,5) #3 O_2p and 2 H_1s
# CASSCF calculation
mcscf_drv = mtp.McscfDriver()
mcscf_drv.compute(molecule, basis, space, 8) #8 excited states
# Transition properties
SI = mtp.InterState()
DipOsc = SI.diposc(molecule, basis, mcscf_drv.CIVecs)
------------------

[0;31m---------------------------------------------------------------------------[0m
[0;31mTypeError[0m                                 Traceback (most recent call last)
Input [0;32mIn [11][0m, in [0;36m<cell line: 11>[0;34m()[0m
[1;32m      9[0m space[38;5;241m.[39mCAS([38;5;241m6[39m,[38;5;241m5[39m) [38;5;66;03m#3 O_2p and 2 H_1s[39;00m
[1;32m     10[0m [38;5;66;03m# CASSCF calculation[39;00m
[0;32m---> 11[0m mcscf_drv [38;5;241m=[39m [43mmtp[49m[38;5;241;43m.[39;49m[43mMcscfDriver[49m[43m([49m[43m)[49m
[1;32m     12[0m mcscf_drv[38;5;241m.[39mcompute(molecule, basis, space, [38;5;241m8[39m) [38;5;66;03m#8 excited states[39;00m
[1;32m     13[0m [38;5;66;03m# Transition properties[39;00m

[0;31mTypeError[0m: __init__() missing 3 required positional arguments: 'molecule', 'basis', and 'molspace'
TypeError: __init__() missing 3 required positional arguments: 'molecule', 'basis', and 'molspace'

