Traceback (most recent call last):
  File "/home/thomas/Notebook/anaconda/lib/python3.7/site-packages/jupyter_cache/executors/utils.py", line 56, in single_nb_execution
    record_timing=False,
  File "/home/thomas/Notebook/anaconda/lib/python3.7/site-packages/nbclient/client.py", line 1204, in execute
    return NotebookClient(nb=nb, resources=resources, km=km, **kwargs).execute()
  File "/home/thomas/Notebook/anaconda/lib/python3.7/site-packages/nbclient/util.py", line 84, in wrapped
    return just_run(coro(*args, **kwargs))
  File "/home/thomas/Notebook/anaconda/lib/python3.7/site-packages/nbclient/util.py", line 62, in just_run
    return loop.run_until_complete(coro)
  File "/home/thomas/Notebook/anaconda/lib/python3.7/asyncio/base_events.py", line 587, in run_until_complete
    return future.result()
  File "/home/thomas/Notebook/anaconda/lib/python3.7/site-packages/nbclient/client.py", line 664, in async_execute
    cell, index, execution_count=self.code_cells_executed + 1
  File "/home/thomas/Notebook/anaconda/lib/python3.7/site-packages/nbclient/client.py", line 965, in async_execute_cell
    await self._check_raise_for_error(cell, cell_index, exec_reply)
  File "/home/thomas/Notebook/anaconda/lib/python3.7/site-packages/nbclient/client.py", line 862, in _check_raise_for_error
    raise CellExecutionError.from_cell_and_msg(cell, exec_reply_content)
nbclient.exceptions.CellExecutionError: An error occurred while executing the following cell:
------------------
ch3oh_xyz = '''
C       0.6627602692    -0.0195253241    -0.0000000000
O      -0.7482324502     0.1217146925     0.0000000000
H       1.0282229693    -0.5397922417    -0.8872632580
H       1.0282229693    -0.5397922417     0.8872632580
H       1.0781531801     0.9835591659    -0.0000000000
H      -1.1253011321    -0.7605402778     0.0000000000
'''

# Construct structure and basis objects
struct = gator.get_molecule(ch3oh_xyz)
basis = gator.get_molecular_basis(struct, "6-31G")

# Perform SCF calculation
scf_gs = gator.run_scf(struct, basis)

# Calculate the 6 lowest eigenstates
adc_res = gator.run_adc(struct, basis, scf_gs, method="adc2", singlets=6)
------------------

[0;31m---------------------------------------------------------------------------[0m
[0;31mOSError[0m                                   Traceback (most recent call last)
[0;32m~/Notebook/anaconda/lib/python3.7/site-packages/pyscf/lib/misc.py[0m in [0;36mload_library[0;34m(libname)[0m
[1;32m     53[0m         [0m_loaderpath[0m [0;34m=[0m [0mos[0m[0;34m.[0m[0mpath[0m[0;34m.[0m[0mdirname[0m[0;34m([0m[0m__file__[0m[0;34m)[0m[0;34m[0m[0;34m[0m[0m
[0;32m---> 54[0;31m         [0;32mreturn[0m [0mnumpy[0m[0;34m.[0m[0mctypeslib[0m[0;34m.[0m[0mload_library[0m[0;34m([0m[0mlibname[0m[0;34m,[0m [0m_loaderpath[0m[0;34m)[0m[0;34m[0m[0;34m[0m[0m
[0m[1;32m     55[0m     [0;32mexcept[0m [0mOSError[0m[0;34m:[0m[0;34m[0m[0;34m[0m[0m

[0;32m~/Notebook/anaconda/lib/python3.7/site-packages/numpy/ctypeslib.py[0m in [0;36mload_library[0;34m(libname, loader_path)[0m
[1;32m    149[0m                 [0;32mtry[0m[0;34m:[0m[0;34m[0m[0;34m[0m[0m
[0;32m--> 150[0;31m                     [0;32mreturn[0m [0mctypes[0m[0;34m.[0m[0mcdll[0m[0;34m[[0m[0mlibpath[0m[0;34m][0m[0;34m[0m[0;34m[0m[0m
[0m[1;32m    151[0m                 [0;32mexcept[0m [0mOSError[0m[0;34m:[0m[0;34m[0m[0;34m[0m[0m

[0;32m~/Notebook/anaconda/lib/python3.7/ctypes/__init__.py[0m in [0;36m__getitem__[0;34m(self, name)[0m
[1;32m    438[0m     [0;32mdef[0m [0m__getitem__[0m[0;34m([0m[0mself[0m[0;34m,[0m [0mname[0m[0;34m)[0m[0;34m:[0m[0;34m[0m[0;34m[0m[0m
[0;32m--> 439[0;31m         [0;32mreturn[0m [0mgetattr[0m[0;34m([0m[0mself[0m[0;34m,[0m [0mname[0m[0;34m)[0m[0;34m[0m[0;34m[0m[0m
[0m[1;32m    440[0m [0;34m[0m[0m

[0;32m~/Notebook/anaconda/lib/python3.7/ctypes/__init__.py[0m in [0;36m__getattr__[0;34m(self, name)[0m
[1;32m    433[0m             [0;32mraise[0m [0mAttributeError[0m[0;34m([0m[0mname[0m[0;34m)[0m[0;34m[0m[0;34m[0m[0m
[0;32m--> 434[0;31m         [0mdll[0m [0;34m=[0m [0mself[0m[0;34m.[0m[0m_dlltype[0m[0;34m([0m[0mname[0m[0;34m)[0m[0;34m[0m[0;34m[0m[0m
[0m[1;32m    435[0m         [0msetattr[0m[0;34m([0m[0mself[0m[0;34m,[0m [0mname[0m[0;34m,[0m [0mdll[0m[0;34m)[0m[0;34m[0m[0;34m[0m[0m

[0;32m~/Notebook/anaconda/lib/python3.7/ctypes/__init__.py[0m in [0;36m__init__[0;34m(self, name, mode, handle, use_errno, use_last_error)[0m
[1;32m    363[0m         [0;32mif[0m [0mhandle[0m [0;32mis[0m [0;32mNone[0m[0;34m:[0m[0;34m[0m[0;34m[0m[0m
[0;32m--> 364[0;31m             [0mself[0m[0;34m.[0m[0m_handle[0m [0;34m=[0m [0m_dlopen[0m[0;34m([0m[0mself[0m[0;34m.[0m[0m_name[0m[0;34m,[0m [0mmode[0m[0;34m)[0m[0;34m[0m[0;34m[0m[0m
[0m[1;32m    365[0m         [0;32melse[0m[0;34m:[0m[0;34m[0m[0;34m[0m[0m

[0;31mOSError[0m: libmkl_intel_lp64.so.1: cannot open shared object file: No such file or directory

During handling of the above exception, another exception occurred:

[0;31mOSError[0m                                   Traceback (most recent call last)
[0;32m/tmp/ipykernel_13187/589621088.py[0m in [0;36m<module>[0;34m[0m
[1;32m     16[0m [0;34m[0m[0m
[1;32m     17[0m [0;31m# Calculate the 6 lowest eigenstates[0m[0;34m[0m[0;34m[0m[0;34m[0m[0m
[0;32m---> 18[0;31m [0madc_res[0m [0;34m=[0m [0mgator[0m[0;34m.[0m[0mrun_adc[0m[0;34m([0m[0mstruct[0m[0;34m,[0m [0mbasis[0m[0;34m,[0m [0mscf_gs[0m[0;34m,[0m [0mmethod[0m[0;34m=[0m[0;34m"adc2"[0m[0;34m,[0m [0msinglets[0m[0;34m=[0m[0;36m6[0m[0;34m)[0m[0;34m[0m[0;34m[0m[0m
[0m
[0;32m~/Notebook/anaconda/lib/python3.7/site-packages/gator-0.0-py3.7.egg/gator/gatorutils.py[0m in [0;36mrun_adc[0;34m(mol, basis, scf_drv, **kwargs)[0m
[1;32m    141[0m [0;34m[0m[0m
[1;32m    142[0m     [0mtask[0m [0;34m=[0m [0mMockTask[0m[0;34m([0m[0mmol[0m[0;34m,[0m [0mbasis[0m[0;34m,[0m [0mcomm[0m[0;34m,[0m [0mostream[0m[0;34m)[0m[0;34m[0m[0;34m[0m[0m
[0;32m--> 143[0;31m     [0;32mreturn[0m [0madc_drv[0m[0;34m.[0m[0mcompute[0m[0;34m([0m[0mtask[0m[0;34m,[0m [0mscf_drv[0m[0;34m)[0m[0;34m[0m[0;34m[0m[0m
[0m
[0;32m~/Notebook/anaconda/lib/python3.7/site-packages/gator-0.0-py3.7.egg/gator/adcdriver.py[0m in [0;36mcompute[0;34m(self, task, scf_drv)[0m
[1;32m    195[0m                                    [0mfrozen_core[0m[0;34m=[0m[0mself[0m[0;34m.[0m[0madc_frozen_core[0m[0;34m,[0m[0;34m[0m[0;34m[0m[0m
[1;32m    196[0m                                    [0mfrozen_virtual[0m[0;34m=[0m[0mself[0m[0;34m.[0m[0madc_frozen_virtual[0m[0;34m,[0m[0;34m[0m[0;34m[0m[0m
[0;32m--> 197[0;31m                                    conv_tol=self.adc_tol)
[0m[1;32m    198[0m [0;34m[0m[0m
[1;32m    199[0m             [0mself[0m[0;34m.[0m[0mprint_excited_states[0m[0;34m([0m[0madc_drv[0m[0;34m)[0m[0;34m[0m[0;34m[0m[0m

[0;32m~/pkg/adcc/adcc/workflow.py[0m in [0;36mrun_adc[0;34m(data_or_matrix, n_states, kind, conv_tol, eigensolver, guesses, n_guesses, n_guesses_doubles, output, core_orbitals, frozen_core, frozen_virtual, method, n_singlets, n_triplets, n_spin_flip, environment, **solverargs)[0m
[1;32m    179[0m     matrix = construct_adcmatrix(
[1;32m    180[0m         [0mdata_or_matrix[0m[0;34m,[0m [0mcore_orbitals[0m[0;34m=[0m[0mcore_orbitals[0m[0;34m,[0m [0mfrozen_core[0m[0;34m=[0m[0mfrozen_core[0m[0;34m,[0m[0;34m[0m[0;34m[0m[0m
[0;32m--> 181[0;31m         frozen_virtual=frozen_virtual, method=method)
[0m[1;32m    182[0m [0;34m[0m[0m
[1;32m    183[0m     n_states, kind = validate_state_parameters(

[0;32m~/pkg/adcc/adcc/workflow.py[0m in [0;36mconstruct_adcmatrix[0;34m(data_or_matrix, core_orbitals, frozen_core, frozen_virtual, method)[0m
[1;32m    246[0m                                            [0mcore_orbitals[0m[0;34m=[0m[0mcore_orbitals[0m[0;34m,[0m[0;34m[0m[0;34m[0m[0m
[1;32m    247[0m                                            [0mfrozen_core[0m[0;34m=[0m[0mfrozen_core[0m[0;34m,[0m[0;34m[0m[0;34m[0m[0m
[0;32m--> 248[0;31m                                            frozen_virtual=frozen_virtual)
[0m[1;32m    249[0m         [0;32mexcept[0m [0mValueError[0m [0;32mas[0m [0me[0m[0;34m:[0m[0;34m[0m[0;34m[0m[0m
[1;32m    250[0m             [0;32mraise[0m [0mInputError[0m[0;34m([0m[0mstr[0m[0;34m([0m[0me[0m[0;34m)[0m[0;34m)[0m  [0;31m# In case of an issue with the spaces[0m[0;34m[0m[0;34m[0m[0m

[0;32m~/pkg/adcc/adcc/ReferenceState.py[0m in [0;36m__init__[0;34m(self, hfdata, core_orbitals, frozen_core, frozen_virtual, symmetry_check_on_import, import_all_below_n_orbs)[0m
[1;32m    140[0m         """
[1;32m    141[0m         [0;32mif[0m [0;32mnot[0m [0misinstance[0m[0;34m([0m[0mhfdata[0m[0;34m,[0m [0mlibadcc[0m[0;34m.[0m[0mHartreeFockSolution_i[0m[0;34m)[0m[0;34m:[0m[0;34m[0m[0;34m[0m[0m
[0;32m--> 142[0;31m             [0mhfdata[0m [0;34m=[0m [0mimport_scf_results[0m[0;34m([0m[0mhfdata[0m[0;34m)[0m[0;34m[0m[0;34m[0m[0m
[0m[1;32m    143[0m [0;34m[0m[0m
[1;32m    144[0m         self._mospaces = MoSpaces(hfdata, frozen_core=frozen_core,

[0;32m~/pkg/adcc/adcc/backends/__init__.py[0m in [0;36mimport_scf_results[0;34m(res)[0m
[1;32m     58[0m     [0;32mand[0m [0mguess[0m [0mwhat[0m [0mthe[0m [0mhost[0m [0mprogram[0m [0mwas[0m [0;32mand[0m [0mhow[0m [0mto[0m [0;32mimport[0m [0mit[0m[0;34m.[0m[0;34m[0m[0;34m[0m[0m
[1;32m     59[0m     """
[0;32m---> 60[0;31m     [0;32mif[0m [0mhave_backend[0m[0;34m([0m[0;34m"pyscf"[0m[0;34m)[0m[0;34m:[0m[0;34m[0m[0;34m[0m[0m
[0m[1;32m     61[0m         [0;32mfrom[0m [0;34m.[0m [0;32mimport[0m [0mpyscf[0m [0;32mas[0m [0mbackend_pyscf[0m[0;34m[0m[0;34m[0m[0m
[1;32m     62[0m         [0;32mfrom[0m [0mpyscf[0m [0;32mimport[0m [0mscf[0m[0;34m[0m[0;34m[0m[0m

[0;32m~/pkg/adcc/adcc/backends/__init__.py[0m in [0;36mhave_backend[0;34m(backend)[0m
[1;32m     50[0m [0;32mdef[0m [0mhave_backend[0m[0;34m([0m[0mbackend[0m[0;34m)[0m[0;34m:[0m[0;34m[0m[0;34m[0m[0m
[1;32m     51[0m     [0;34m"""Is a particular backend available?"""[0m[0;34m[0m[0;34m[0m[0m
[0;32m---> 52[0;31m     [0;32mreturn[0m [0mbackend[0m [0;32min[0m [0mavailable[0m[0;34m([0m[0;34m)[0m[0;34m[0m[0;34m[0m[0m
[0m[1;32m     53[0m [0;34m[0m[0m
[1;32m     54[0m [0;34m[0m[0m

[0;32m~/pkg/adcc/adcc/backends/__init__.py[0m in [0;36mavailable[0;34m()[0m
[1;32m     39[0m     [0;32mif[0m [0;32mnot[0m [0m__status[0m[0;34m:[0m[0;34m[0m[0;34m[0m[0m
[1;32m     40[0m         status = {
[0;32m---> 41[0;31m             [0;34m"pyscf"[0m[0;34m:[0m [0mis_module_available[0m[0;34m([0m[0;34m"pyscf"[0m[0;34m,[0m [0;34m"1.5.0"[0m[0;34m)[0m[0;34m,[0m[0;34m[0m[0;34m[0m[0m
[0m[1;32m     42[0m             "psi4": (is_module_available("psi4", "1.3.0")
[1;32m     43[0m                      and is_module_available("psi4.core")),

[0;32m~/pkg/adcc/adcc/misc.py[0m in [0;36mis_module_available[0;34m(module, min_version)[0m
[1;32m    123[0m [0;34m[0m[0m
[1;32m    124[0m     [0;32mtry[0m[0;34m:[0m[0;34m[0m[0;34m[0m[0m
[0;32m--> 125[0;31m         [0mmod[0m [0;34m=[0m [0mimportlib[0m[0;34m.[0m[0mimport_module[0m[0;34m([0m[0mmodule[0m[0;34m)[0m[0;34m[0m[0;34m[0m[0m
[0m[1;32m    126[0m     [0;32mexcept[0m [0mImportError[0m[0;34m:[0m[0;34m[0m[0;34m[0m[0m
[1;32m    127[0m         [0;32mreturn[0m [0;32mFalse[0m[0;34m[0m[0;34m[0m[0m

[0;32m~/Notebook/anaconda/lib/python3.7/importlib/__init__.py[0m in [0;36mimport_module[0;34m(name, package)[0m
[1;32m    125[0m                 [0;32mbreak[0m[0;34m[0m[0;34m[0m[0m
[1;32m    126[0m             [0mlevel[0m [0;34m+=[0m [0;36m1[0m[0;34m[0m[0;34m[0m[0m
[0;32m--> 127[0;31m     [0;32mreturn[0m [0m_bootstrap[0m[0;34m.[0m[0m_gcd_import[0m[0;34m([0m[0mname[0m[0;34m[[0m[0mlevel[0m[0;34m:[0m[0;34m][0m[0;34m,[0m [0mpackage[0m[0;34m,[0m [0mlevel[0m[0;34m)[0m[0;34m[0m[0;34m[0m[0m
[0m[1;32m    128[0m [0;34m[0m[0m
[1;32m    129[0m [0;34m[0m[0m

[0;32m~/Notebook/anaconda/lib/python3.7/importlib/_bootstrap.py[0m in [0;36m_gcd_import[0;34m(name, package, level)[0m

[0;32m~/Notebook/anaconda/lib/python3.7/importlib/_bootstrap.py[0m in [0;36m_find_and_load[0;34m(name, import_)[0m

[0;32m~/Notebook/anaconda/lib/python3.7/importlib/_bootstrap.py[0m in [0;36m_find_and_load_unlocked[0;34m(name, import_)[0m

[0;32m~/Notebook/anaconda/lib/python3.7/importlib/_bootstrap.py[0m in [0;36m_load_unlocked[0;34m(spec)[0m

[0;32m~/Notebook/anaconda/lib/python3.7/importlib/_bootstrap_external.py[0m in [0;36mexec_module[0;34m(self, module)[0m

[0;32m~/Notebook/anaconda/lib/python3.7/importlib/_bootstrap.py[0m in [0;36m_call_with_frames_removed[0;34m(f, *args, **kwds)[0m

[0;32m~/Notebook/anaconda/lib/python3.7/site-packages/pyscf/__init__.py[0m in [0;36m<module>[0;34m[0m
[1;32m    111[0m [0;34m[0m[0m
[1;32m    112[0m [0;32mfrom[0m [0mpyscf[0m [0;32mimport[0m [0m__config__[0m[0;34m[0m[0;34m[0m[0m
[0;32m--> 113[0;31m [0;32mfrom[0m [0mpyscf[0m [0;32mimport[0m [0mlib[0m[0;34m[0m[0;34m[0m[0m
[0m[1;32m    114[0m [0;32mfrom[0m [0mpyscf[0m [0;32mimport[0m [0mgto[0m[0;34m[0m[0;34m[0m[0m
[1;32m    115[0m [0;32mfrom[0m [0mpyscf[0m [0;32mimport[0m [0mscf[0m[0;34m[0m[0;34m[0m[0m

[0;32m~/Notebook/anaconda/lib/python3.7/site-packages/pyscf/lib/__init__.py[0m in [0;36m<module>[0;34m[0m
[1;32m     22[0m [0;32mfrom[0m [0mpyscf[0m[0;34m.[0m[0mlib[0m [0;32mimport[0m [0mparameters[0m[0;34m[0m[0;34m[0m[0m
[1;32m     23[0m [0mparam[0m [0;34m=[0m [0mparameters[0m[0;34m[0m[0;34m[0m[0m
[0;32m---> 24[0;31m [0;32mfrom[0m [0mpyscf[0m[0;34m.[0m[0mlib[0m [0;32mimport[0m [0mnumpy_helper[0m[0;34m[0m[0;34m[0m[0m
[0m[1;32m     25[0m [0;32mfrom[0m [0mpyscf[0m[0;34m.[0m[0mlib[0m [0;32mimport[0m [0mlinalg_helper[0m[0;34m[0m[0;34m[0m[0m
[1;32m     26[0m [0;32mfrom[0m [0mpyscf[0m[0;34m.[0m[0mlib[0m [0;32mimport[0m [0mscipy_helper[0m[0;34m[0m[0;34m[0m[0m

[0;32m~/Notebook/anaconda/lib/python3.7/site-packages/pyscf/lib/numpy_helper.py[0m in [0;36m<module>[0;34m[0m
[1;32m     37[0m     [0mFOUND_TBLIS[0m [0;34m=[0m [0;32mFalse[0m[0;34m[0m[0;34m[0m[0m
[1;32m     38[0m [0;34m[0m[0m
[0;32m---> 39[0;31m [0m_np_helper[0m [0;34m=[0m [0mmisc[0m[0;34m.[0m[0mload_library[0m[0;34m([0m[0;34m'libnp_helper'[0m[0;34m)[0m[0;34m[0m[0;34m[0m[0m
[0m[1;32m     40[0m [0;34m[0m[0m
[1;32m     41[0m [0mBLOCK_DIM[0m [0;34m=[0m [0;36m192[0m[0;34m[0m[0;34m[0m[0m

[0;32m~/Notebook/anaconda/lib/python3.7/site-packages/pyscf/lib/misc.py[0m in [0;36mload_library[0;34m(libname)[0m
[1;32m     60[0m                 [0;32mfor[0m [0mfiles[0m [0;32min[0m [0mos[0m[0;34m.[0m[0mlistdir[0m[0;34m([0m[0mlibpath[0m[0;34m)[0m[0;34m:[0m[0;34m[0m[0;34m[0m[0m
[1;32m     61[0m                     [0;32mif[0m [0mfiles[0m[0;34m.[0m[0mstartswith[0m[0;34m([0m[0mlibname[0m[0;34m)[0m[0;34m:[0m[0;34m[0m[0;34m[0m[0m
[0;32m---> 62[0;31m                         [0;32mreturn[0m [0mnumpy[0m[0;34m.[0m[0mctypeslib[0m[0;34m.[0m[0mload_library[0m[0;34m([0m[0mlibname[0m[0;34m,[0m [0mlibpath[0m[0;34m)[0m[0;34m[0m[0;34m[0m[0m
[0m[1;32m     63[0m         [0;32mraise[0m[0;34m[0m[0;34m[0m[0m
[1;32m     64[0m [0;34m[0m[0m

[0;32m~/Notebook/anaconda/lib/python3.7/site-packages/numpy/ctypeslib.py[0m in [0;36mload_library[0;34m(libname, loader_path)[0m
[1;32m    148[0m             [0;32mif[0m [0mos[0m[0;34m.[0m[0mpath[0m[0;34m.[0m[0mexists[0m[0;34m([0m[0mlibpath[0m[0;34m)[0m[0;34m:[0m[0;34m[0m[0;34m[0m[0m
[1;32m    149[0m                 [0;32mtry[0m[0;34m:[0m[0;34m[0m[0;34m[0m[0m
[0;32m--> 150[0;31m                     [0;32mreturn[0m [0mctypes[0m[0;34m.[0m[0mcdll[0m[0;34m[[0m[0mlibpath[0m[0;34m][0m[0;34m[0m[0;34m[0m[0m
[0m[1;32m    151[0m                 [0;32mexcept[0m [0mOSError[0m[0;34m:[0m[0;34m[0m[0;34m[0m[0m
[1;32m    152[0m                     [0;31m## defective lib file[0m[0;34m[0m[0;34m[0m[0;34m[0m[0m

[0;32m~/Notebook/anaconda/lib/python3.7/ctypes/__init__.py[0m in [0;36m__getitem__[0;34m(self, name)[0m
[1;32m    437[0m [0;34m[0m[0m
[1;32m    438[0m     [0;32mdef[0m [0m__getitem__[0m[0;34m([0m[0mself[0m[0;34m,[0m [0mname[0m[0;34m)[0m[0;34m:[0m[0;34m[0m[0;34m[0m[0m
[0;32m--> 439[0;31m         [0;32mreturn[0m [0mgetattr[0m[0;34m([0m[0mself[0m[0;34m,[0m [0mname[0m[0;34m)[0m[0;34m[0m[0;34m[0m[0m
[0m[1;32m    440[0m [0;34m[0m[0m
[1;32m    441[0m     [0;32mdef[0m [0mLoadLibrary[0m[0;34m([0m[0mself[0m[0;34m,[0m [0mname[0m[0;34m)[0m[0;34m:[0m[0;34m[0m[0;34m[0m[0m

[0;32m~/Notebook/anaconda/lib/python3.7/ctypes/__init__.py[0m in [0;36m__getattr__[0;34m(self, name)[0m
[1;32m    432[0m         [0;32mif[0m [0mname[0m[0;34m[[0m[0;36m0[0m[0;34m][0m [0;34m==[0m [0;34m'_'[0m[0;34m:[0m[0;34m[0m[0;34m[0m[0m
[1;32m    433[0m             [0;32mraise[0m [0mAttributeError[0m[0;34m([0m[0mname[0m[0;34m)[0m[0;34m[0m[0;34m[0m[0m
[0;32m--> 434[0;31m         [0mdll[0m [0;34m=[0m [0mself[0m[0;34m.[0m[0m_dlltype[0m[0;34m([0m[0mname[0m[0;34m)[0m[0;34m[0m[0;34m[0m[0m
[0m[1;32m    435[0m         [0msetattr[0m[0;34m([0m[0mself[0m[0;34m,[0m [0mname[0m[0;34m,[0m [0mdll[0m[0;34m)[0m[0;34m[0m[0;34m[0m[0m
[1;32m    436[0m         [0;32mreturn[0m [0mdll[0m[0;34m[0m[0;34m[0m[0m

[0;32m~/Notebook/anaconda/lib/python3.7/ctypes/__init__.py[0m in [0;36m__init__[0;34m(self, name, mode, handle, use_errno, use_last_error)[0m
[1;32m    362[0m [0;34m[0m[0m
[1;32m    363[0m         [0;32mif[0m [0mhandle[0m [0;32mis[0m [0;32mNone[0m[0;34m:[0m[0;34m[0m[0;34m[0m[0m
[0;32m--> 364[0;31m             [0mself[0m[0;34m.[0m[0m_handle[0m [0;34m=[0m [0m_dlopen[0m[0;34m([0m[0mself[0m[0;34m.[0m[0m_name[0m[0;34m,[0m [0mmode[0m[0;34m)[0m[0;34m[0m[0;34m[0m[0m
[0m[1;32m    365[0m         [0;32melse[0m[0;34m:[0m[0;34m[0m[0;34m[0m[0m
[1;32m    366[0m             [0mself[0m[0;34m.[0m[0m_handle[0m [0;34m=[0m [0mhandle[0m[0;34m[0m[0;34m[0m[0m

[0;31mOSError[0m: libmkl_intel_lp64.so.1: cannot open shared object file: No such file or directory
OSError: libmkl_intel_lp64.so.1: cannot open shared object file: No such file or directory

