Traceback (most recent call last):
  File "/opt/anaconda3/envs/echem/lib/python3.7/site-packages/jupyter_cache/executors/utils.py", line 56, in single_nb_execution
    record_timing=False,
  File "/opt/anaconda3/envs/echem/lib/python3.7/site-packages/nbclient/client.py", line 1085, in execute
    return NotebookClient(nb=nb, resources=resources, km=km, **kwargs).execute()
  File "/opt/anaconda3/envs/echem/lib/python3.7/site-packages/nbclient/util.py", line 84, in wrapped
    return just_run(coro(*args, **kwargs))
  File "/opt/anaconda3/envs/echem/lib/python3.7/site-packages/nbclient/util.py", line 62, in just_run
    return loop.run_until_complete(coro)
  File "/opt/anaconda3/envs/echem/lib/python3.7/asyncio/base_events.py", line 587, in run_until_complete
    return future.result()
  File "/opt/anaconda3/envs/echem/lib/python3.7/site-packages/nbclient/client.py", line 552, in async_execute
    cell, index, execution_count=self.code_cells_executed + 1
  File "/opt/anaconda3/envs/echem/lib/python3.7/site-packages/nbclient/client.py", line 846, in async_execute_cell
    self._check_raise_for_error(cell, exec_reply)
  File "/opt/anaconda3/envs/echem/lib/python3.7/site-packages/nbclient/client.py", line 748, in _check_raise_for_error
    raise CellExecutionError.from_cell_and_msg(cell, exec_reply_content)
nbclient.exceptions.CellExecutionError: An error occurred while executing the following cell:
------------------
mol = gto.Mole()
mol.atom = water_xyz
mol.basis = '6-31G'
mol.build()

# GS
scf_gs = scf.UHF(mol)
scf_gs.kernel()
adc_gs = adcc.cvs_adc2x(scf_gs, n_states=5, core_orbitals=1)

# LSOR
mo0 = copy.deepcopy(scf_gs.mo_coeff)
occ0 = copy.deepcopy(scf_gs.mo_occ)
occ0[0][4] = 0.0
occ0[0][5] = 1.0
scf_es = scf.UHF(mol)
scf.addons.mom_occ(scf_es, mo0, occ0)
scf_es.kernel()
print(27.2114*(scf_gs.e_tot - scf_es.e_tot))
adc_ls = adcc.cvs_adc2x(scf_es, n_states=5, core_orbitals=1)

# HSOR
mo0 = copy.deepcopy(scf_gs.mo_coeff)
occ0 = copy.deepcopy(scf_gs.mo_occ)
occ0[0][4] = 0.0
occ0[1][5] = 1.0
scf_es = scf.UHF(mol)
scf.addons.mom_occ(scf_es, mo0, occ0)
scf_es.kernel()
print(27.2114*(scf_gs.e_tot - scf_es.e_tot))
adc_hs = adcc.cvs_adc2x(scf_es, n_states=5, core_orbitals=1)
------------------

[0;31m---------------------------------------------------------------------------[0m
[0;31mNameError[0m                                 Traceback (most recent call last)
[0;32m/var/folders/yn/sjrk11nj0zs5nb8wzbytm0j00000gn/T/ipykernel_37264/24788708.py[0m in [0;36m<module>[0;34m[0m
[1;32m      1[0m [0mmol[0m [0;34m=[0m [0mgto[0m[0;34m.[0m[0mMole[0m[0;34m([0m[0;34m)[0m[0;34m[0m[0;34m[0m[0m
[0;32m----> 2[0;31m [0mmol[0m[0;34m.[0m[0matom[0m [0;34m=[0m [0mwater_xyz[0m[0;34m[0m[0;34m[0m[0m
[0m[1;32m      3[0m [0mmol[0m[0;34m.[0m[0mbasis[0m [0;34m=[0m [0;34m'6-31G'[0m[0;34m[0m[0;34m[0m[0m
[1;32m      4[0m [0mmol[0m[0;34m.[0m[0mbuild[0m[0;34m([0m[0;34m)[0m[0;34m[0m[0;34m[0m[0m
[1;32m      5[0m [0;34m[0m[0m

[0;31mNameError[0m: name 'water_xyz' is not defined
NameError: name 'water_xyz' is not defined

