Traceback (most recent call last):
  File "/home/thomas/Notebook/anaconda/lib/python3.7/site-packages/jupyter_cache/executors/utils.py", line 56, in single_nb_execution
    record_timing=False,
  File "/home/thomas/Notebook/anaconda/lib/python3.7/site-packages/nbclient/client.py", line 1087, in execute
    return NotebookClient(nb=nb, resources=resources, km=km, **kwargs).execute()
  File "/home/thomas/Notebook/anaconda/lib/python3.7/site-packages/nbclient/util.py", line 74, in wrapped
    return just_run(coro(*args, **kwargs))
  File "/home/thomas/Notebook/anaconda/lib/python3.7/site-packages/nbclient/util.py", line 53, in just_run
    return loop.run_until_complete(coro)
  File "/home/thomas/Notebook/anaconda/lib/python3.7/asyncio/base_events.py", line 587, in run_until_complete
    return future.result()
  File "/home/thomas/Notebook/anaconda/lib/python3.7/site-packages/nbclient/client.py", line 541, in async_execute
    cell, index, execution_count=self.code_cells_executed + 1
  File "/home/thomas/Notebook/anaconda/lib/python3.7/site-packages/nbclient/client.py", line 832, in async_execute_cell
    self._check_raise_for_error(cell, exec_reply)
  File "/home/thomas/Notebook/anaconda/lib/python3.7/site-packages/nbclient/client.py", line 740, in _check_raise_for_error
    raise CellExecutionError.from_cell_and_msg(cell, exec_reply['content'])
nbclient.exceptions.CellExecutionError: An error occurred while executing the following cell:
------------------
# Construct molecule object
mol       = gto.Mole()
mol.atom  = water
mol.basis = '6-31G'
mol.build()
# Perform neutral SCF calculation
scf_res = scf.UHF(mol)
scf_res.kernel()
# XAS
adc_xas = adcc.cvs_adc2(scf_res, n_states=5,core_orbitals=1)

adc_rixs = []
for n in [5,6]:
    mo0        = copy.deepcopy(scf_res.mo_coeff)
    occ0       = copy.deepcopy(scf_res.mo_occ)
    occ0[0][0] = 0.0; occ0[0][n] = 1.0
    scf_ion = scf.UHF(mol); scf.addons.mom_occ(scf_ion, mo0, occ0)
    scf_ion.kernel()
    adc_rixs.append(adcc.adc2(scf_ion, n_states=4))
------------------

[0;31m---------------------------------------------------------------------------[0m
[0;31mNameError[0m                                 Traceback (most recent call last)
[0;32m<ipython-input-16-f162cdb224d6>[0m in [0;36m<module>[0;34m[0m
[1;32m      1[0m [0;31m# Construct molecule object[0m[0;34m[0m[0;34m[0m[0;34m[0m[0m
[1;32m      2[0m [0mmol[0m       [0;34m=[0m [0mgto[0m[0;34m.[0m[0mMole[0m[0;34m([0m[0;34m)[0m[0;34m[0m[0;34m[0m[0m
[0;32m----> 3[0;31m [0mmol[0m[0;34m.[0m[0matom[0m  [0;34m=[0m [0mwater[0m[0;34m[0m[0;34m[0m[0m
[0m[1;32m      4[0m [0mmol[0m[0;34m.[0m[0mbasis[0m [0;34m=[0m [0;34m'6-31G'[0m[0;34m[0m[0;34m[0m[0m
[1;32m      5[0m [0mmol[0m[0;34m.[0m[0mbuild[0m[0;34m([0m[0;34m)[0m[0;34m[0m[0;34m[0m[0m

[0;31mNameError[0m: name 'water' is not defined
NameError: name 'water' is not defined

