Traceback (most recent call last):
  File "/home/thomas/Notebook/anaconda/lib/python3.7/site-packages/jupyter_cache/executors/utils.py", line 56, in single_nb_execution
    record_timing=False,
  File "/home/thomas/Notebook/anaconda/lib/python3.7/site-packages/nbclient/client.py", line 1087, in execute
    return NotebookClient(nb=nb, resources=resources, km=km, **kwargs).execute()
  File "/home/thomas/Notebook/anaconda/lib/python3.7/site-packages/nbclient/util.py", line 74, in wrapped
    return just_run(coro(*args, **kwargs))
  File "/home/thomas/Notebook/anaconda/lib/python3.7/site-packages/nbclient/util.py", line 53, in just_run
    return loop.run_until_complete(coro)
  File "/home/thomas/Notebook/anaconda/lib/python3.7/asyncio/base_events.py", line 587, in run_until_complete
    return future.result()
  File "/home/thomas/Notebook/anaconda/lib/python3.7/site-packages/nbclient/client.py", line 541, in async_execute
    cell, index, execution_count=self.code_cells_executed + 1
  File "/home/thomas/Notebook/anaconda/lib/python3.7/site-packages/nbclient/client.py", line 832, in async_execute_cell
    self._check_raise_for_error(cell, exec_reply)
  File "/home/thomas/Notebook/anaconda/lib/python3.7/site-packages/nbclient/client.py", line 740, in _check_raise_for_error
    raise CellExecutionError.from_cell_and_msg(cell, exec_reply['content'])
nbclient.exceptions.CellExecutionError: An error occurred while executing the following cell:
------------------
from pyscf import gto

u6311gss  = {'O': gto.basis.parse('''
O    S
   8588.500                  1.000000 
O    S
   1297.230                  1.000000 
O    S
    299.2960                 1.000000 
O    S
     87.37710                1.000000 
O    S
     25.67890                1.000000 
O    S
      3.740040               1.000000 
O    SP
     42.11750                0.113889               0.0365114
      9.628370               0.920811               0.237153
      2.853320              -0.00327447             0.819702
O    SP
      0.905661               1.000000               1.000000
O    SP
      0.255611               1.000000               1.000000
O    D
      1.292                  1.000000
'''), 'H': '6-311G**'}
un6311gss = {'O': gto.basis.parse('''
O    S
   8588.500                  1.000000 
O    S
   1297.230                  1.000000 
O    S
    299.2960                 1.000000 
O    S
     87.37710                1.000000 
O    S
     25.67890                1.000000 
O    S
      3.740040               1.000000 
O    SP
     42.11750                1.000000               1.000000
O    SP
      9.628370               1.000000               1.000000
O    SP
      2.853320               1.000000               1.000000
O    SP
      0.905661               1.000000               1.000000
O    SP
      0.255611               1.000000               1.000000
O    D
      1.292                  1.000000
'''), 'H': '6-311G**'}
z6311gss  = {'O': gto.basis.parse('''
O    S
   8588.500                  0.00189515
   1297.230                  0.0143859
    299.2960                 0.0707320
     87.37710                0.2400010
     25.67890                0.5947970
      3.740040               0.2808020
O    SP
     42.11750                0.113889               0.0365114
      9.628370               0.920811               0.237153
      2.853320              -0.00327447             0.819702
O    SP
      0.905661               1.000000               1.000000
O    SP
      0.255611               1.000000               1.000000
O    D
      1.292                  1.000000
O    S
  11427.10                   0.00180093
   1722.350                  0.0137419
    395.7460                 0.0681334
    115.1390                 0.2333250
     33.60260                0.5890860
      4.919010               0.2995050
O    SP
     55.44410                0.114536               0.0354609
     12.63230                0.920512               0.237451
      3.717560              -0.00337804             0.820458
O    SP
      1.165450               1.000000               1.000000
O    SP
      0.321892               1.000000               1.000000
O    D
      1.750                  1.000000
'''), 'H': '6-311G**'}
------------------

[0;31m---------------------------------------------------------------------------[0m
[0;31mOSError[0m                                   Traceback (most recent call last)
[0;32m~/Notebook/anaconda/lib/python3.7/site-packages/pyscf/lib/misc.py[0m in [0;36mload_library[0;34m(libname)[0m
[1;32m     53[0m         [0m_loaderpath[0m [0;34m=[0m [0mos[0m[0;34m.[0m[0mpath[0m[0;34m.[0m[0mdirname[0m[0;34m([0m[0m__file__[0m[0;34m)[0m[0;34m[0m[0;34m[0m[0m
[0;32m---> 54[0;31m         [0;32mreturn[0m [0mnumpy[0m[0;34m.[0m[0mctypeslib[0m[0;34m.[0m[0mload_library[0m[0;34m([0m[0mlibname[0m[0;34m,[0m [0m_loaderpath[0m[0;34m)[0m[0;34m[0m[0;34m[0m[0m
[0m[1;32m     55[0m     [0;32mexcept[0m [0mOSError[0m[0;34m:[0m[0;34m[0m[0;34m[0m[0m

[0;32m~/Notebook/anaconda/lib/python3.7/site-packages/numpy/ctypeslib.py[0m in [0;36mload_library[0;34m(libname, loader_path)[0m
[1;32m    149[0m                 [0;32mtry[0m[0;34m:[0m[0;34m[0m[0;34m[0m[0m
[0;32m--> 150[0;31m                     [0;32mreturn[0m [0mctypes[0m[0;34m.[0m[0mcdll[0m[0;34m[[0m[0mlibpath[0m[0;34m][0m[0;34m[0m[0;34m[0m[0m
[0m[1;32m    151[0m                 [0;32mexcept[0m [0mOSError[0m[0;34m:[0m[0;34m[0m[0;34m[0m[0m

[0;32m~/Notebook/anaconda/lib/python3.7/ctypes/__init__.py[0m in [0;36m__getitem__[0;34m(self, name)[0m
[1;32m    438[0m     [0;32mdef[0m [0m__getitem__[0m[0;34m([0m[0mself[0m[0;34m,[0m [0mname[0m[0;34m)[0m[0;34m:[0m[0;34m[0m[0;34m[0m[0m
[0;32m--> 439[0;31m         [0;32mreturn[0m [0mgetattr[0m[0;34m([0m[0mself[0m[0;34m,[0m [0mname[0m[0;34m)[0m[0;34m[0m[0;34m[0m[0m
[0m[1;32m    440[0m [0;34m[0m[0m

[0;32m~/Notebook/anaconda/lib/python3.7/ctypes/__init__.py[0m in [0;36m__getattr__[0;34m(self, name)[0m
[1;32m    433[0m             [0;32mraise[0m [0mAttributeError[0m[0;34m([0m[0mname[0m[0;34m)[0m[0;34m[0m[0;34m[0m[0m
[0;32m--> 434[0;31m         [0mdll[0m [0;34m=[0m [0mself[0m[0;34m.[0m[0m_dlltype[0m[0;34m([0m[0mname[0m[0;34m)[0m[0;34m[0m[0;34m[0m[0m
[0m[1;32m    435[0m         [0msetattr[0m[0;34m([0m[0mself[0m[0;34m,[0m [0mname[0m[0;34m,[0m [0mdll[0m[0;34m)[0m[0;34m[0m[0;34m[0m[0m

[0;32m~/Notebook/anaconda/lib/python3.7/ctypes/__init__.py[0m in [0;36m__init__[0;34m(self, name, mode, handle, use_errno, use_last_error)[0m
[1;32m    363[0m         [0;32mif[0m [0mhandle[0m [0;32mis[0m [0;32mNone[0m[0;34m:[0m[0;34m[0m[0;34m[0m[0m
[0;32m--> 364[0;31m             [0mself[0m[0;34m.[0m[0m_handle[0m [0;34m=[0m [0m_dlopen[0m[0;34m([0m[0mself[0m[0;34m.[0m[0m_name[0m[0;34m,[0m [0mmode[0m[0;34m)[0m[0;34m[0m[0;34m[0m[0m
[0m[1;32m    365[0m         [0;32melse[0m[0;34m:[0m[0;34m[0m[0;34m[0m[0m

[0;31mOSError[0m: libmkl_intel_lp64.so.1: cannot open shared object file: No such file or directory

During handling of the above exception, another exception occurred:

[0;31mOSError[0m                                   Traceback (most recent call last)
[0;32m<ipython-input-1-e52bc9e43255>[0m in [0;36m<module>[0;34m[0m
[0;32m----> 1[0;31m [0;32mfrom[0m [0mpyscf[0m [0;32mimport[0m [0mgto[0m[0;34m[0m[0;34m[0m[0m
[0m[1;32m      2[0m [0;34m[0m[0m
[1;32m      3[0m u6311gss  = {'O': gto.basis.parse('''
[1;32m      4[0m [0mO[0m    [0mS[0m[0;34m[0m[0;34m[0m[0m
[1;32m      5[0m    [0;36m8588.500[0m                  [0;36m1.000000[0m[0;34m[0m[0;34m[0m[0m

[0;32m~/Notebook/anaconda/lib/python3.7/site-packages/pyscf/__init__.py[0m in [0;36m<module>[0;34m[0m
[1;32m    111[0m [0;34m[0m[0m
[1;32m    112[0m [0;32mfrom[0m [0mpyscf[0m [0;32mimport[0m [0m__config__[0m[0;34m[0m[0;34m[0m[0m
[0;32m--> 113[0;31m [0;32mfrom[0m [0mpyscf[0m [0;32mimport[0m [0mlib[0m[0;34m[0m[0;34m[0m[0m
[0m[1;32m    114[0m [0;32mfrom[0m [0mpyscf[0m [0;32mimport[0m [0mgto[0m[0;34m[0m[0;34m[0m[0m
[1;32m    115[0m [0;32mfrom[0m [0mpyscf[0m [0;32mimport[0m [0mscf[0m[0;34m[0m[0;34m[0m[0m

[0;32m~/Notebook/anaconda/lib/python3.7/site-packages/pyscf/lib/__init__.py[0m in [0;36m<module>[0;34m[0m
[1;32m     22[0m [0;32mfrom[0m [0mpyscf[0m[0;34m.[0m[0mlib[0m [0;32mimport[0m [0mparameters[0m[0;34m[0m[0;34m[0m[0m
[1;32m     23[0m [0mparam[0m [0;34m=[0m [0mparameters[0m[0;34m[0m[0;34m[0m[0m
[0;32m---> 24[0;31m [0;32mfrom[0m [0mpyscf[0m[0;34m.[0m[0mlib[0m [0;32mimport[0m [0mnumpy_helper[0m[0;34m[0m[0;34m[0m[0m
[0m[1;32m     25[0m [0;32mfrom[0m [0mpyscf[0m[0;34m.[0m[0mlib[0m [0;32mimport[0m [0mlinalg_helper[0m[0;34m[0m[0;34m[0m[0m
[1;32m     26[0m [0;32mfrom[0m [0mpyscf[0m[0;34m.[0m[0mlib[0m [0;32mimport[0m [0mscipy_helper[0m[0;34m[0m[0;34m[0m[0m

[0;32m~/Notebook/anaconda/lib/python3.7/site-packages/pyscf/lib/numpy_helper.py[0m in [0;36m<module>[0;34m[0m
[1;32m     37[0m     [0mFOUND_TBLIS[0m [0;34m=[0m [0;32mFalse[0m[0;34m[0m[0;34m[0m[0m
[1;32m     38[0m [0;34m[0m[0m
[0;32m---> 39[0;31m [0m_np_helper[0m [0;34m=[0m [0mmisc[0m[0;34m.[0m[0mload_library[0m[0;34m([0m[0;34m'libnp_helper'[0m[0;34m)[0m[0;34m[0m[0;34m[0m[0m
[0m[1;32m     40[0m [0;34m[0m[0m
[1;32m     41[0m [0mBLOCK_DIM[0m [0;34m=[0m [0;36m192[0m[0;34m[0m[0;34m[0m[0m

[0;32m~/Notebook/anaconda/lib/python3.7/site-packages/pyscf/lib/misc.py[0m in [0;36mload_library[0;34m(libname)[0m
[1;32m     60[0m                 [0;32mfor[0m [0mfiles[0m [0;32min[0m [0mos[0m[0;34m.[0m[0mlistdir[0m[0;34m([0m[0mlibpath[0m[0;34m)[0m[0;34m:[0m[0;34m[0m[0;34m[0m[0m
[1;32m     61[0m                     [0;32mif[0m [0mfiles[0m[0;34m.[0m[0mstartswith[0m[0;34m([0m[0mlibname[0m[0;34m)[0m[0;34m:[0m[0;34m[0m[0;34m[0m[0m
[0;32m---> 62[0;31m                         [0;32mreturn[0m [0mnumpy[0m[0;34m.[0m[0mctypeslib[0m[0;34m.[0m[0mload_library[0m[0;34m([0m[0mlibname[0m[0;34m,[0m [0mlibpath[0m[0;34m)[0m[0;34m[0m[0;34m[0m[0m
[0m[1;32m     63[0m         [0;32mraise[0m[0;34m[0m[0;34m[0m[0m
[1;32m     64[0m [0;34m[0m[0m

[0;32m~/Notebook/anaconda/lib/python3.7/site-packages/numpy/ctypeslib.py[0m in [0;36mload_library[0;34m(libname, loader_path)[0m
[1;32m    148[0m             [0;32mif[0m [0mos[0m[0;34m.[0m[0mpath[0m[0;34m.[0m[0mexists[0m[0;34m([0m[0mlibpath[0m[0;34m)[0m[0;34m:[0m[0;34m[0m[0;34m[0m[0m
[1;32m    149[0m                 [0;32mtry[0m[0;34m:[0m[0;34m[0m[0;34m[0m[0m
[0;32m--> 150[0;31m                     [0;32mreturn[0m [0mctypes[0m[0;34m.[0m[0mcdll[0m[0;34m[[0m[0mlibpath[0m[0;34m][0m[0;34m[0m[0;34m[0m[0m
[0m[1;32m    151[0m                 [0;32mexcept[0m [0mOSError[0m[0;34m:[0m[0;34m[0m[0;34m[0m[0m
[1;32m    152[0m                     [0;31m## defective lib file[0m[0;34m[0m[0;34m[0m[0;34m[0m[0m

[0;32m~/Notebook/anaconda/lib/python3.7/ctypes/__init__.py[0m in [0;36m__getitem__[0;34m(self, name)[0m
[1;32m    437[0m [0;34m[0m[0m
[1;32m    438[0m     [0;32mdef[0m [0m__getitem__[0m[0;34m([0m[0mself[0m[0;34m,[0m [0mname[0m[0;34m)[0m[0;34m:[0m[0;34m[0m[0;34m[0m[0m
[0;32m--> 439[0;31m         [0;32mreturn[0m [0mgetattr[0m[0;34m([0m[0mself[0m[0;34m,[0m [0mname[0m[0;34m)[0m[0;34m[0m[0;34m[0m[0m
[0m[1;32m    440[0m [0;34m[0m[0m
[1;32m    441[0m     [0;32mdef[0m [0mLoadLibrary[0m[0;34m([0m[0mself[0m[0;34m,[0m [0mname[0m[0;34m)[0m[0;34m:[0m[0;34m[0m[0;34m[0m[0m

[0;32m~/Notebook/anaconda/lib/python3.7/ctypes/__init__.py[0m in [0;36m__getattr__[0;34m(self, name)[0m
[1;32m    432[0m         [0;32mif[0m [0mname[0m[0;34m[[0m[0;36m0[0m[0;34m][0m [0;34m==[0m [0;34m'_'[0m[0;34m:[0m[0;34m[0m[0;34m[0m[0m
[1;32m    433[0m             [0;32mraise[0m [0mAttributeError[0m[0;34m([0m[0mname[0m[0;34m)[0m[0;34m[0m[0;34m[0m[0m
[0;32m--> 434[0;31m         [0mdll[0m [0;34m=[0m [0mself[0m[0;34m.[0m[0m_dlltype[0m[0;34m([0m[0mname[0m[0;34m)[0m[0;34m[0m[0;34m[0m[0m
[0m[1;32m    435[0m         [0msetattr[0m[0;34m([0m[0mself[0m[0;34m,[0m [0mname[0m[0;34m,[0m [0mdll[0m[0;34m)[0m[0;34m[0m[0;34m[0m[0m
[1;32m    436[0m         [0;32mreturn[0m [0mdll[0m[0;34m[0m[0;34m[0m[0m

[0;32m~/Notebook/anaconda/lib/python3.7/ctypes/__init__.py[0m in [0;36m__init__[0;34m(self, name, mode, handle, use_errno, use_last_error)[0m
[1;32m    362[0m [0;34m[0m[0m
[1;32m    363[0m         [0;32mif[0m [0mhandle[0m [0;32mis[0m [0;32mNone[0m[0;34m:[0m[0;34m[0m[0;34m[0m[0m
[0;32m--> 364[0;31m             [0mself[0m[0;34m.[0m[0m_handle[0m [0;34m=[0m [0m_dlopen[0m[0;34m([0m[0mself[0m[0;34m.[0m[0m_name[0m[0;34m,[0m [0mmode[0m[0;34m)[0m[0;34m[0m[0;34m[0m[0m
[0m[1;32m    365[0m         [0;32melse[0m[0;34m:[0m[0;34m[0m[0;34m[0m[0m
[1;32m    366[0m             [0mself[0m[0;34m.[0m[0m_handle[0m [0;34m=[0m [0mhandle[0m[0;34m[0m[0;34m[0m[0m

[0;31mOSError[0m: libmkl_intel_lp64.so.1: cannot open shared object file: No such file or directory
OSError: libmkl_intel_lp64.so.1: cannot open shared object file: No such file or directory

