Traceback (most recent call last):
  File "/home/thomas/Notebook/anaconda/lib/python3.7/site-packages/jupyter_cache/executors/utils.py", line 56, in single_nb_execution
    record_timing=False,
  File "/home/thomas/Notebook/anaconda/lib/python3.7/site-packages/nbclient/client.py", line 1087, in execute
    return NotebookClient(nb=nb, resources=resources, km=km, **kwargs).execute()
  File "/home/thomas/Notebook/anaconda/lib/python3.7/site-packages/nbclient/util.py", line 74, in wrapped
    return just_run(coro(*args, **kwargs))
  File "/home/thomas/Notebook/anaconda/lib/python3.7/site-packages/nbclient/util.py", line 53, in just_run
    return loop.run_until_complete(coro)
  File "/home/thomas/Notebook/anaconda/lib/python3.7/asyncio/base_events.py", line 587, in run_until_complete
    return future.result()
  File "/home/thomas/Notebook/anaconda/lib/python3.7/site-packages/nbclient/client.py", line 541, in async_execute
    cell, index, execution_count=self.code_cells_executed + 1
  File "/home/thomas/Notebook/anaconda/lib/python3.7/site-packages/nbclient/client.py", line 832, in async_execute_cell
    self._check_raise_for_error(cell, exec_reply)
  File "/home/thomas/Notebook/anaconda/lib/python3.7/site-packages/nbclient/client.py", line 740, in _check_raise_for_error
    raise CellExecutionError.from_cell_and_msg(cell, exec_reply['content'])
nbclient.exceptions.CellExecutionError: An error occurred while executing the following cell:
------------------
mol = gto.Mole()
mol.atom  = water; mol.basis = 'unc-6-31G'
mol.build()

# non-relativistic
scf_nr  = scf.RHF(mol); scf_nr.kernel()
adc_nr  = adcc.cvs_adc2(scf_nr,n_singlets=5,core_orbitals=1)

# relativistic
scf_rel = scf.RHF(mol).x2c1e(); scf_rel.kernel()
adc_rel = adcc.cvs_adc2(scf_rel,n_singlets=5,core_orbitals=1)
------------------

[0;31m---------------------------------------------------------------------------[0m
[0;31mNameError[0m                                 Traceback (most recent call last)
[0;32m<ipython-input-4-d0bfce5e3d64>[0m in [0;36m<module>[0;34m[0m
[1;32m      1[0m [0mmol[0m [0;34m=[0m [0mgto[0m[0;34m.[0m[0mMole[0m[0;34m([0m[0;34m)[0m[0;34m[0m[0;34m[0m[0m
[0;32m----> 2[0;31m [0mmol[0m[0;34m.[0m[0matom[0m  [0;34m=[0m [0mwater[0m[0;34m;[0m [0mmol[0m[0;34m.[0m[0mbasis[0m [0;34m=[0m [0;34m'unc-6-31G'[0m[0;34m[0m[0;34m[0m[0m
[0m[1;32m      3[0m [0mmol[0m[0;34m.[0m[0mbuild[0m[0;34m([0m[0;34m)[0m[0;34m[0m[0;34m[0m[0m
[1;32m      4[0m [0;34m[0m[0m
[1;32m      5[0m [0;31m# non-relativistic[0m[0;34m[0m[0;34m[0m[0;34m[0m[0m

[0;31mNameError[0m: name 'water' is not defined
NameError: name 'water' is not defined

